<?xml version="1.0" encoding="UTF-8"?>
<testng-results skipped="0" failed="0" total="1" passed="1">
  <reporter-output>
  </reporter-output>
  <suite name="Default suite" duration-ms="7335" started-at="2018-01-04T09:45:59Z" finished-at="2018-01-04T09:46:06Z">
    <groups>
    </groups>
    <test name="Default test" duration-ms="7335" started-at="2018-01-04T09:45:59Z" finished-at="2018-01-04T09:46:06Z">
      <class name="com.testngcheck.Checking">
        <test-method status="PASS" signature="f()[pri:0, instance:com.testngcheck.Checking@f6c48ac]" name="f" duration-ms="7320" started-at="2018-01-04T15:15:59Z" finished-at="2018-01-04T15:16:06Z">
          <reporter-output>
          </reporter-output>
        </test-method> <!-- f -->
      </class> <!-- com.testngcheck.Checking -->
    </test> <!-- Default test -->
  </suite> <!-- Default suite -->
</testng-results>
